# JRE version: OpenJDK Runtime Environment (8.0_202-b03) (build 1.8.0_202-release-1483-b03)
# Java VM: OpenJDK Server VM (25.202-b03 mixed mode windows-x86 )
Heap:
 PSYoungGen      total 284672K, used 208756K [0x3c2c0000, 0x51800000, 0x51800000)
  eden space 229632K, 67% used [0x3c2c0000,0x45a1cf70,0x4a300000)
  from space 55040K, 97% used [0x4a300000,0x4d7803d0,0x4d8c0000)
  to   space 63744K, 0% used [0x4d9c0000,0x4d9c0000,0x51800000)
 ParOldGen       total 149504K, used 75472K [0x11800000, 0x1aa00000, 0x3c2c0000)
  object space 149504K, 50% used [0x11800000,0x161b4220,0x1aa00000)
 Metaspace       used 89510K, capacity 92262K, committed 92672K, reserved 93568K
GC Heap History (10 events):
Event: 3172.939 GC heap before
{Heap before GC invocations=29 (full 5):
 PSYoungGen      total 300544K, used 300540K [0x3c2c0000, 0x51800000, 0x51800000)
  eden space 251648K, 100% used [0x3c2c0000,0x4b880000,0x4b880000)
  from space 48896K, 99% used [0x4b880000,0x4e83f110,0x4e840000)
  to   space 48896K, 0% used [0x4e840000,0x4e840000,0x51800000)
 ParOldGen       total 143616K, used 87850K [0x11800000, 0x1a440000, 0x3c2c0000)
  object space 143616K, 61% used [0x11800000,0x16dcaab0,0x1a440000)
 Metaspace       used 89051K, capacity 91913K, committed 92416K, reserved 92544K
Event: 3181.862 GC heap after
Heap after GC invocations=29 (full 5):
 PSYoungGen      total 275968K, used 8315K [0x3c2c0000, 0x51800000, 0x51800000)
  eden space 227072K, 0% used [0x3c2c0000,0x3c2c0000,0x4a080000)
  from space 48896K, 17% used [0x4e840000,0x4f05ecd0,0x51800000)
  to   space 61184K, 0% used [0x4a080000,0x4a080000,0x4dc40000)
 ParOldGen       total 143616K, used 122758K [0x11800000, 0x1a440000, 0x3c2c0000)
  object space 143616K, 85% used [0x11800000,0x18fe1a60,0x1a440000)
 Metaspace       used 89051K, capacity 91913K, committed 92416K, reserved 92544K
}
Event: 3181.862 GC heap before
{Heap before GC invocations=30 (full 6):
 PSYoungGen      total 275968K, used 8315K [0x3c2c0000, 0x51800000, 0x51800000)
  eden space 227072K, 0% used [0x3c2c0000,0x3c2c0000,0x4a080000)
  from space 48896K, 17% used [0x4e840000,0x4f05ecd0,0x51800000)
  to   space 61184K, 0% used [0x4a080000,0x4a080000,0x4dc40000)
 ParOldGen       total 143616K, used 122758K [0x11800000, 0x1a440000, 0x3c2c0000)
  object space 143616K, 85% used [0x11800000,0x18fe1a60,0x1a440000)
 Metaspace       used 89051K, capacity 91913K, committed 92416K, reserved 92544K
Event: 3188.349 GC heap after
Heap after GC invocations=30 (full 6):
 PSYoungGen      total 275968K, used 0K [0x3c2c0000, 0x51800000, 0x51800000)
  eden space 227072K, 0% used [0x3c2c0000,0x3c2c0000,0x4a080000)
  from space 48896K, 0% used [0x4e840000,0x4e840000,0x51800000)
  to   space 61184K, 0% used [0x4a080000,0x4a080000,0x4dc40000)
 ParOldGen       total 149504K, used 62225K [0x11800000, 0x1aa00000, 0x3c2c0000)
  object space 149504K, 41% used [0x11800000,0x154c4590,0x1aa00000)
 Metaspace       used 88695K, capacity 91379K, committed 92416K, reserved 92544K
}
Event: 3277.338 GC heap before
{Heap before GC invocations=31 (full 6):
 PSYoungGen      total 275968K, used 227072K [0x3c2c0000, 0x51800000, 0x51800000)
  eden space 227072K, 100% used [0x3c2c0000,0x4a080000,0x4a080000)
  from space 48896K, 0% used [0x4e840000,0x4e840000,0x51800000)
  to   space 61184K, 0% used [0x4a080000,0x4a080000,0x4dc40000)
 ParOldGen       total 149504K, used 62225K [0x11800000, 0x1aa00000, 0x3c2c0000)
  object space 149504K, 41% used [0x11800000,0x154c4590,0x1aa00000)
 Metaspace       used 89158K, capacity 91862K, committed 92416K, reserved 92544K
Event: 3277.613 GC heap after
Heap after GC invocations=31 (full 6):
 PSYoungGen      total 288256K, used 13746K [0x3c2c0000, 0x51800000, 0x51800000)
  eden space 227072K, 0% used [0x3c2c0000,0x3c2c0000,0x4a080000)
  from space 61184K, 22% used [0x4a080000,0x4adec988,0x4dc40000)
  to   space 58624K, 0% used [0x4dec0000,0x4dec0000,0x51800000)
 ParOldGen       total 149504K, used 62229K [0x11800000, 0x1aa00000, 0x3c2c0000)
  object space 149504K, 41% used [0x11800000,0x154c5590,0x1aa00000)
 Metaspace       used 89158K, capacity 91862K, committed 92416K, reserved 92544K
}
Event: 3325.761 GC heap before
{Heap before GC invocations=32 (full 6):
 PSYoungGen      total 288256K, used 240818K [0x3c2c0000, 0x51800000, 0x51800000)
  eden space 227072K, 100% used [0x3c2c0000,0x4a080000,0x4a080000)
  from space 61184K, 22% used [0x4a080000,0x4adec988,0x4dc40000)
  to   space 58624K, 0% used [0x4dec0000,0x4dec0000,0x51800000)
 ParOldGen       total 149504K, used 62229K [0x11800000, 0x1aa00000, 0x3c2c0000)
  object space 149504K, 41% used [0x11800000,0x154c5590,0x1aa00000)
 Metaspace       used 89313K, capacity 92045K, committed 92544K, reserved 92544K
Event: 3327.196 GC heap after
Heap after GC invocations=32 (full 6):
 PSYoungGen      total 278528K, used 21580K [0x3c2c0000, 0x50e80000, 0x51800000)
  eden space 229632K, 0% used [0x3c2c0000,0x3c2c0000,0x4a300000)
  from space 48896K, 44% used [0x4dec0000,0x4f3d3018,0x50e80000)
  to   space 55040K, 0% used [0x4a300000,0x4a300000,0x4d8c0000)
 ParOldGen       total 149504K, used 67200K [0x11800000, 0x1aa00000, 0x3c2c0000)
  object space 149504K, 44% used [0x11800000,0x159a00c0,0x1aa00000)
 Metaspace       used 89313K, capacity 92045K, committed 92544K, reserved 92544K
}
Event: 3360.702 GC heap before
{Heap before GC invocations=33 (full 6):
 PSYoungGen      total 278528K, used 251204K [0x3c2c0000, 0x50e80000, 0x51800000)
  eden space 229632K, 99% used [0x3c2c0000,0x4a2fe118,0x4a300000)
  from space 48896K, 44% used [0x4dec0000,0x4f3d3018,0x50e80000)
  to   space 55040K, 0% used [0x4a300000,0x4a300000,0x4d8c0000)
 ParOldGen       total 149504K, used 67200K [0x11800000, 0x1aa00000, 0x3c2c0000)
  object space 149504K, 44% used [0x11800000,0x159a00c0,0x1aa00000)
 Metaspace       used 89416K, capacity 92136K, committed 92544K, reserved 92544K
Event: 3361.468 GC heap after
Heap after GC invocations=33 (full 6):
 PSYoungGen      total 284672K, used 53760K [0x3c2c0000, 0x51800000, 0x51800000)
  eden space 229632K, 0% used [0x3c2c0000,0x3c2c0000,0x4a300000)
  from space 55040K, 97% used [0x4a300000,0x4d7803d0,0x4d8c0000)
  to   space 63744K, 0% used [0x4d9c0000,0x4d9c0000,0x51800000)
 ParOldGen       total 149504K, used 75472K [0x11800000, 0x1aa00000, 0x3c2c0000)
  object space 149504K, 50% used [0x11800000,0x161b4220,0x1aa00000)
 Metaspace       used 89416K, capacity 92136K, committed 92544K, reserved 92544K
}

